<?xml version="1.0" encoding="UTF-8"?>
<testng-results ignored="0" total="1" passed="1" failed="0" skipped="0">
  <reporter-output>
  </reporter-output>
  <suite started-at="2022-03-10T07:54:01 IST" name="Default suite" finished-at="2022-03-10T07:54:10 IST" duration-ms="8906">
    <groups>
    </groups>
    <test started-at="2022-03-10T07:54:01 IST" name="Default test" finished-at="2022-03-10T07:54:10 IST" duration-ms="8906">
      <class name="testcases.LoginapplicationPF">
        <test-method signature="Login()[pri:0, instance:testcases.LoginapplicationPF@272113c4]" started-at="2022-03-10T07:54:01 IST" name="Login" finished-at="2022-03-10T07:54:10 IST" duration-ms="8876" status="PASS">
          <reporter-output>
          </reporter-output>
        </test-method> <!-- Login -->
      </class> <!-- testcases.LoginapplicationPF -->
    </test> <!-- Default test -->
  </suite> <!-- Default suite -->
</testng-results>
